Using pre-set license
Built from '2022.3/staging' branch; Version is '2022.3.11f1 (d00248457e15) revision 13632072'; Using compiler version '192829333'; Build Type 'Release'
OS: 'Windows 11  (10.0.22621) 64bit Core' Language: 'ru' Physical Memory: 15791 MB
BatchMode: 1, IsHumanControllingUs: 0, StartBugReporterOnCrash: 0, Is64bit: 1, IsPro: 1

COMMAND LINE ARGUMENTS:
D:\Games\Unity\2022.3.11f1\Editor\Unity.exe
-adb2
-batchMode
-noUpm
-name
AssetImportWorker3
-projectPath
D:/Games/Unity/Projects/goida/shooting-gallery
-logFile
Logs/AssetImportWorker3.log
-srvPort
50353
Successfully changed project path to: D:/Games/Unity/Projects/goida/shooting-gallery
D:/Games/Unity/Projects/goida/shooting-gallery
[UnityMemory] Configuration Parameters - Can be set up in boot.config
    "memorysetup-bucket-allocator-granularity=16"
    "memorysetup-bucket-allocator-bucket-count=8"
    "memorysetup-bucket-allocator-block-size=33554432"
    "memorysetup-bucket-allocator-block-count=8"
    "memorysetup-main-allocator-block-size=16777216"
    "memorysetup-thread-allocator-block-size=16777216"
    "memorysetup-gfx-main-allocator-block-size=16777216"
    "memorysetup-gfx-thread-allocator-block-size=16777216"
    "memorysetup-cache-allocator-block-size=4194304"
    "memorysetup-typetree-allocator-block-size=2097152"
    "memorysetup-profiler-bucket-allocator-granularity=16"
    "memorysetup-profiler-bucket-allocator-bucket-count=8"
    "memorysetup-profiler-bucket-allocator-block-size=33554432"
    "memorysetup-profiler-bucket-allocator-block-count=8"
    "memorysetup-profiler-allocator-block-size=16777216"
    "memorysetup-profiler-editor-allocator-block-size=1048576"
    "memorysetup-temp-allocator-size-main=16777216"
    "memorysetup-job-temp-allocator-block-size=2097152"
    "memorysetup-job-temp-allocator-block-size-background=1048576"
    "memorysetup-job-temp-allocator-reduction-small-platforms=262144"
    "memorysetup-allocator-temp-initial-block-size-main=262144"
    "memorysetup-allocator-temp-initial-block-size-worker=262144"
    "memorysetup-temp-allocator-size-background-worker=32768"
    "memorysetup-temp-allocator-size-job-worker=262144"
    "memorysetup-temp-allocator-size-preload-manager=33554432"
    "memorysetup-temp-allocator-size-nav-mesh-worker=65536"
    "memorysetup-temp-allocator-size-audio-worker=65536"
    "memorysetup-temp-allocator-size-cloud-worker=32768"
    "memorysetup-temp-allocator-size-gi-baking-worker=262144"
    "memorysetup-temp-allocator-size-gfx=262144"
Player connection [24120] Host "[IP] 192.168.0.10 [Port] 0 [Flags] 2 [Guid] 4061709533 [EditorId] 4061709533 [Version] 1048832 [Id] WindowsEditor(7,E2E4) [Debug] 1 [PackageName] WindowsEditor [ProjectName] Editor" joined multi-casting on [225.0.0.222:54997]...

Player connection [24120] Host "[IP] 192.168.0.10 [Port] 0 [Flags] 2 [Guid] 4061709533 [EditorId] 4061709533 [Version] 1048832 [Id] WindowsEditor(7,E2E4) [Debug] 1 [PackageName] WindowsEditor [ProjectName] Editor" joined alternative multi-casting on [225.0.0.222:34997]...

[Physics::Module] Initialized MultithreadedJobDispatcher with 11 workers.
Refreshing native plugins compatible for Editor in 11.84 ms, found 3 plugins.
Preloading 0 native plugins for Editor in 0.00 ms.
Initialize engine version: 2022.3.11f1 (d00248457e15)
[Subsystems] Discovering subsystems at path D:/Games/Unity/2022.3.11f1/Editor/Data/Resources/UnitySubsystems
[Subsystems] Discovering subsystems at path D:/Games/Unity/Projects/goida/shooting-gallery/Assets
GfxDevice: creating device client; threaded=0; jobified=0
Direct3D:
    Version:  Direct3D 11.0 [level 11.1]
    Renderer: NVIDIA GeForce GTX 1650 Ti (ID=0x1f95)
    Vendor:   NVIDIA
    VRAM:     3949 MB
    Driver:   31.0.15.3713
Initialize mono
Mono path[0] = 'D:/Games/Unity/2022.3.11f1/Editor/Data/Managed'
Mono path[1] = 'D:/Games/Unity/2022.3.11f1/Editor/Data/MonoBleedingEdge/lib/mono/unityjit-win32'
Mono config path = 'D:/Games/Unity/2022.3.11f1/Editor/Data/MonoBleedingEdge/etc'
Using monoOptions --debugger-agent=transport=dt_socket,embedding=1,server=y,suspend=n,address=127.0.0.1:56136
Begin MonoManager ReloadAssembly
Registering precompiled unity dll's ...
Register platform support module: D:/Games/Unity/2022.3.11f1/Editor/Data/PlaybackEngines/WebGLSupport/UnityEditor.WebGL.Extensions.dll
Register platform support module: D:/Games/Unity/2022.3.11f1/Editor/Data/PlaybackEngines/WindowsStandaloneSupport/UnityEditor.WindowsStandalone.Extensions.dll
Register platform support module: D:/Games/Unity/2022.3.11f1/Editor/Data/PlaybackEngines/MetroSupport/UnityEditor.UWP.Extensions.dll
Registered in 0.008535 seconds.
- Loaded All Assemblies, in  0.432 seconds
Native extension for UWP target not found
Native extension for WindowsStandalone target not found
Native extension for WebGL target not found
Mono: successfully reloaded assembly
- Finished resetting the current domain, in  0.336 seconds
Domain Reload Profiling: 768ms
	BeginReloadAssembly (125ms)
		ExecutionOrderSort (0ms)
		DisableScriptedObjects (0ms)
		BackupInstance (0ms)
		ReleaseScriptingObjects (0ms)
		CreateAndSetChildDomain (1ms)
	RebuildCommonClasses (44ms)
	RebuildNativeTypeToScriptingClass (15ms)
	initialDomainReloadingComplete (65ms)
	LoadAllAssembliesAndSetupDomain (183ms)
		LoadAssemblies (125ms)
		RebuildTransferFunctionScriptingTraits (0ms)
		AnalyzeDomain (180ms)
			TypeCache.Refresh (179ms)
				TypeCache.ScanAssembly (163ms)
			ScanForSourceGeneratedMonoScriptInfo (0ms)
			ResolveRequiredComponents (1ms)
	FinalizeReload (336ms)
		ReleaseScriptCaches (0ms)
		RebuildScriptCaches (0ms)
		SetupLoadedEditorAssemblies (260ms)
			LogAssemblyErrors (0ms)
			InitializePlatformSupportModulesInManaged (12ms)
			SetLoadedEditorAssemblies (7ms)
			RefreshPlugins (0ms)
			BeforeProcessingInitializeOnLoad (3ms)
			ProcessInitializeOnLoadAttributes (174ms)
			ProcessInitializeOnLoadMethodAttributes (64ms)
			AfterProcessingInitializeOnLoad (0ms)
			EditorAssembliesLoaded (0ms)
		ExecutionOrderSort2 (0ms)
		AwakeInstancesAfterBackupRestoration (0ms)
========================================================================
Worker process is ready to serve import requests
Begin MonoManager ReloadAssembly
- Loaded All Assemblies, in  0.706 seconds
Refreshing native plugins compatible for Editor in 2.57 ms, found 3 plugins.
Native extension for UWP target not found
Native extension for WindowsStandalone target not found
Native extension for WebGL target not found
Package Manager log level set to [2]
[Package Manager] Server::EnsureServerProcessIsRunning -- launch failed, reason: Unity was launched with the -noUpm command-line argument
[Package Manager] UpmClient::Send -- Unable to send message (not connected to UPM process).
[Package Manager] Cannot connect to Unity Package Manager local server
Mono: successfully reloaded assembly
- Finished resetting the current domain, in  0.658 seconds
Domain Reload Profiling: 1364ms
	BeginReloadAssembly (172ms)
		ExecutionOrderSort (0ms)
		DisableScriptedObjects (7ms)
		BackupInstance (0ms)
		ReleaseScriptingObjects (0ms)
		CreateAndSetChildDomain (26ms)
	RebuildCommonClasses (43ms)
	RebuildNativeTypeToScriptingClass (14ms)
	initialDomainReloadingComplete (44ms)
	LoadAllAssembliesAndSetupDomain (432ms)
		LoadAssemblies (311ms)
		RebuildTransferFunctionScriptingTraits (0ms)
		AnalyzeDomain (217ms)
			TypeCache.Refresh (193ms)
				TypeCache.ScanAssembly (177ms)
			ScanForSourceGeneratedMonoScriptInfo (17ms)
			ResolveRequiredComponents (5ms)
	FinalizeReload (659ms)
		ReleaseScriptCaches (0ms)
		RebuildScriptCaches (0ms)
		SetupLoadedEditorAssemblies (475ms)
			LogAssemblyErrors (0ms)
			InitializePlatformSupportModulesInManaged (7ms)
			SetLoadedEditorAssemblies (6ms)
			RefreshPlugins (0ms)
			BeforeProcessingInitializeOnLoad (65ms)
			ProcessInitializeOnLoadAttributes (366ms)
			ProcessInitializeOnLoadMethodAttributes (28ms)
			AfterProcessingInitializeOnLoad (3ms)
			EditorAssembliesLoaded (0ms)
		ExecutionOrderSort2 (0ms)
		AwakeInstancesAfterBackupRestoration (9ms)
Launched and connected shader compiler UnityShaderCompiler.exe after 0.06 seconds
Refreshing native plugins compatible for Editor in 2.68 ms, found 3 plugins.
Preloading 0 native plugins for Editor in 0.00 ms.
Unloading 3137 Unused Serialized files (Serialized files now loaded: 0)
Unloading 32 unused Assets / (57.1 KB). Loaded Objects now: 3605.
Memory consumption went from 127.6 MB to 127.5 MB.
Total: 3.873600 ms (FindLiveObjects: 0.299000 ms CreateObjectMapping: 0.099000 ms MarkObjects: 3.345900 ms  DeleteObjects: 0.128000 ms)

AssetImportParameters requested are different than current active one (requested -> active):
  custom:container-demuxer-ogg: 62fdf1f143b41e24485cea50d1cbac27 -> 
  custom:video-codec-MediaFoundation-h265: 746d11721c4dcdbdad8f713fa42b33f4 -> 
  custom:video-decoder-ogg-theora: a1e56fd34408186e4bbccfd4996cb3dc -> 
  custom:framework-win-MediaFoundation: 216162199b28c13a410421893ffa2e32 -> 
  custom:CustomObjectIndexerAttribute: 756ad292c208cfabdd7b50bc23989ffe -> 
  custom:container-demuxer-webm: 4f35f7cbe854078d1ac9338744f61a02 -> 
  custom:container-muxer-webm: aa71ff27fc2769a1b78a27578f13a17b -> 
  custom:video-decoder-webm-vp8: 9c59270c3fd7afecdb556c50c9e8de78 -> 
  custom:SearchIndexIgnoredProperties: e643bd26f0fe6173181afceb89e7c659 -> 
  custom:AudioImporter_EditorPlatform: d09bf68614088b80899f8185d706f6e7 -> 
  custom:video-encoder-webm-vp8: eb34c28f22e8b96e1ab97ce403110664 -> 
  custom:audio-decoder-ogg-vorbis: bf7c407c2cedff20999df2af8eb42d56 -> 
  custom:audio-encoder-webm-vorbis: bf7c407c2cedff20999df2af8eb42d56 -> 
========================================================================
Received Import Request.
  Time since last request: 191709.820385 seconds.
  path: Assets/TextMesh Pro/Examples & Extras/Resources/Fonts & Materials/Oswald Bold SDF.asset
  artifactKey: Guid(0161d805a3764c089bef00bfe00793f5) Importer(815301076,1909f56bfc062723c751e8b465ee728b)
Start importing Assets/TextMesh Pro/Examples & Extras/Resources/Fonts & Materials/Oswald Bold SDF.asset using Guid(0161d805a3764c089bef00bfe00793f5) Importer(815301076,1909f56bfc062723c751e8b465ee728b)  -> (artifact id: '593b82a3e7e685df0c5bd02ea7488fa4') in 0.178725 seconds
Number of updated asset objects reloaded before import = 0
Number of asset objects unloaded after import = 6
========================================================================
Received Import Request.
  Time since last request: 0.000047 seconds.
  path: Assets/Scenes/Easy FPS/MuzzelFlash/Materials/Muzzle05.mat
  artifactKey: Guid(42e97eacea5b1d24aa1d08e05f52a2f3) Importer(815301076,1909f56bfc062723c751e8b465ee728b)
Start importing Assets/Scenes/Easy FPS/MuzzelFlash/Materials/Muzzle05.mat using Guid(42e97eacea5b1d24aa1d08e05f52a2f3) Importer(815301076,1909f56bfc062723c751e8b465ee728b)  -> (artifact id: '6b25840bbb27f0976c422ad503f5e5d0') in 0.016032 seconds
Number of updated asset objects reloaded before import = 0
Number of asset objects unloaded after import = 2
========================================================================
Received Import Request.
  Time since last request: 0.000019 seconds.
  path: Assets/Scenes/Easy FPS/MuzzelFlash/Materials/Muzzle02.mat
  artifactKey: Guid(380a0f7657a8d6043b2d85664cc0fe7b) Importer(815301076,1909f56bfc062723c751e8b465ee728b)
Start importing Assets/Scenes/Easy FPS/MuzzelFlash/Materials/Muzzle02.mat using Guid(380a0f7657a8d6043b2d85664cc0fe7b) Importer(815301076,1909f56bfc062723c751e8b465ee728b)  -> (artifact id: '91c420a85f45d52f9a92547c1bd0c768') in 0.014668 seconds
Number of updated asset objects reloaded before import = 0
Number of asset objects unloaded after import = 2
========================================================================
Received Import Request.
  Time since last request: 0.000021 seconds.
  path: Assets/Shooter_Assets/Hands_Weapons/Modelas/Weapons_Details/Sight/Mesh/Sight_08_Mesh.FBX
  artifactKey: Guid(ba7669502bb63a94cae0dd405477248d) Importer(815301076,1909f56bfc062723c751e8b465ee728b)
Start importing Assets/Shooter_Assets/Hands_Weapons/Modelas/Weapons_Details/Sight/Mesh/Sight_08_Mesh.FBX using Guid(ba7669502bb63a94cae0dd405477248d) Importer(815301076,1909f56bfc062723c751e8b465ee728b)  -> (artifact id: 'f8e4f6489fb5cfa9ea95aa0fcdd24f2e') in 0.086696 seconds
Number of updated asset objects reloaded before import = 0
Number of asset objects unloaded after import = 15
========================================================================
Received Import Request.
  Time since last request: 0.462087 seconds.
  path: Assets/Shooter_Assets/Decals/Bullet_Hole_Decals/Decal_Materials/M_BH_Decal_Wood_02.mat
  artifactKey: Guid(3e37f497151081249a1d2392ac48fde3) Importer(815301076,1909f56bfc062723c751e8b465ee728b)
Start importing Assets/Shooter_Assets/Decals/Bullet_Hole_Decals/Decal_Materials/M_BH_Decal_Wood_02.mat using Guid(3e37f497151081249a1d2392ac48fde3) Importer(815301076,1909f56bfc062723c751e8b465ee728b)  -> (artifact id: 'ff627734799928361b6423244169b2cc') in 0.059960 seconds
Number of updated asset objects reloaded before import = 0
Number of asset objects unloaded after import = 3
========================================================================
Received Import Request.
  Time since last request: 0.000022 seconds.
  path: Assets/Shooter_Assets/Decals/Bullet_Hole_Decals/Decal_Materials/M_BH_Decal_Wood_03.mat
  artifactKey: Guid(02a6d7c35ba159341941fb41993e5d46) Importer(815301076,1909f56bfc062723c751e8b465ee728b)
Start importing Assets/Shooter_Assets/Decals/Bullet_Hole_Decals/Decal_Materials/M_BH_Decal_Wood_03.mat using Guid(02a6d7c35ba159341941fb41993e5d46) Importer(815301076,1909f56bfc062723c751e8b465ee728b)  -> (artifact id: 'fd84dc9dd72852409cf26c9b5d0d9fb6') in 0.031056 seconds
Number of updated asset objects reloaded before import = 0
Number of asset objects unloaded after import = 3
========================================================================
Received Import Request.
  Time since last request: 0.000031 seconds.
  path: Assets/Shooter_Assets/Decals/Bullet_Hole_Decals/Decal_Materials/M_BH_Decal_Sheetrock_05.mat
  artifactKey: Guid(2597a905533f08245a286ace4dd5f99c) Importer(815301076,1909f56bfc062723c751e8b465ee728b)
Start importing Assets/Shooter_Assets/Decals/Bullet_Hole_Decals/Decal_Materials/M_BH_Decal_Sheetrock_05.mat using Guid(2597a905533f08245a286ace4dd5f99c) Importer(815301076,1909f56bfc062723c751e8b465ee728b)  -> (artifact id: '411e328c9d6c8cf93ca79726922ca9e5') in 0.030275 seconds
Number of updated asset objects reloaded before import = 0
Number of asset objects unloaded after import = 3
========================================================================
Received Import Request.
  Time since last request: 0.000021 seconds.
  path: Assets/Shooter_Assets/Decals/Bullet_Hole_Decals/Decal_Materials/M_BH_Decal_Snow_01.mat
  artifactKey: Guid(52b0d9003d88b134ea5d2fe48726fc24) Importer(815301076,1909f56bfc062723c751e8b465ee728b)
Start importing Assets/Shooter_Assets/Decals/Bullet_Hole_Decals/Decal_Materials/M_BH_Decal_Snow_01.mat using Guid(52b0d9003d88b134ea5d2fe48726fc24) Importer(815301076,1909f56bfc062723c751e8b465ee728b)  -> (artifact id: 'bc442a67573adb7ce8148e7d48713678') in 0.032056 seconds
Number of updated asset objects reloaded before import = 0
Number of asset objects unloaded after import = 3
========================================================================
Received Prepare
Begin MonoManager ReloadAssembly
- Loaded All Assemblies, in  0.464 seconds
Refreshing native plugins compatible for Editor in 2.31 ms, found 3 plugins.
Native extension for UWP target not found
Native extension for WindowsStandalone target not found
Native extension for WebGL target not found
[Package Manager] Server::EnsureServerProcessIsRunning -- launch failed, reason: Unity was launched with the -noUpm command-line argument
[Package Manager] UpmClient::Send -- Unable to send message (not connected to UPM process).
[Package Manager] Cannot connect to Unity Package Manager local server
Mono: successfully reloaded assembly
- Finished resetting the current domain, in  0.937 seconds
Domain Reload Profiling: 1402ms
	BeginReloadAssembly (169ms)
		ExecutionOrderSort (0ms)
		DisableScriptedObjects (5ms)
		BackupInstance (0ms)
		ReleaseScriptingObjects (0ms)
		CreateAndSetChildDomain (40ms)
	RebuildCommonClasses (41ms)
	RebuildNativeTypeToScriptingClass (15ms)
	initialDomainReloadingComplete (29ms)
	LoadAllAssembliesAndSetupDomain (210ms)
		LoadAssemblies (286ms)
		RebuildTransferFunctionScriptingTraits (0ms)
		AnalyzeDomain (14ms)
			TypeCache.Refresh (6ms)
				TypeCache.ScanAssembly (0ms)
			ScanForSourceGeneratedMonoScriptInfo (0ms)
			ResolveRequiredComponents (6ms)
	FinalizeReload (938ms)
		ReleaseScriptCaches (0ms)
		RebuildScriptCaches (0ms)
		SetupLoadedEditorAssemblies (458ms)
			LogAssemblyErrors (0ms)
			InitializePlatformSupportModulesInManaged (7ms)
			SetLoadedEditorAssemblies (5ms)
			RefreshPlugins (0ms)
			BeforeProcessingInitializeOnLoad (67ms)
			ProcessInitializeOnLoadAttributes (348ms)
			ProcessInitializeOnLoadMethodAttributes (27ms)
			AfterProcessingInitializeOnLoad (3ms)
			EditorAssembliesLoaded (0ms)
		ExecutionOrderSort2 (0ms)
		AwakeInstancesAfterBackupRestoration (9ms)
Refreshing native plugins compatible for Editor in 2.93 ms, found 3 plugins.
Preloading 0 native plugins for Editor in 0.00 ms.
Unloading 3114 Unused Serialized files (Serialized files now loaded: 0)
Unloading 23 unused Assets / (31.1 KB). Loaded Objects now: 3655.
Memory consumption went from 129.7 MB to 129.7 MB.
Total: 3.421800 ms (FindLiveObjects: 0.322000 ms CreateObjectMapping: 0.119400 ms MarkObjects: 2.921700 ms  DeleteObjects: 0.057000 ms)

Prepare: number of updated asset objects reloaded= 0
AssetImportParameters requested are different than current active one (requested -> active):
  custom:container-demuxer-ogg: 62fdf1f143b41e24485cea50d1cbac27 -> 
  custom:video-codec-MediaFoundation-h265: 746d11721c4dcdbdad8f713fa42b33f4 -> 
  custom:video-decoder-ogg-theora: a1e56fd34408186e4bbccfd4996cb3dc -> 
  custom:framework-win-MediaFoundation: 216162199b28c13a410421893ffa2e32 -> 
  custom:CustomObjectIndexerAttribute: 756ad292c208cfabdd7b50bc23989ffe -> 
  custom:container-demuxer-webm: 4f35f7cbe854078d1ac9338744f61a02 -> 
  custom:container-muxer-webm: aa71ff27fc2769a1b78a27578f13a17b -> 
  custom:video-decoder-webm-vp8: 9c59270c3fd7afecdb556c50c9e8de78 -> 
  custom:SearchIndexIgnoredProperties: e643bd26f0fe6173181afceb89e7c659 -> 
  custom:AudioImporter_EditorPlatform: d09bf68614088b80899f8185d706f6e7 -> 
  custom:video-encoder-webm-vp8: eb34c28f22e8b96e1ab97ce403110664 -> 
  custom:audio-decoder-ogg-vorbis: bf7c407c2cedff20999df2af8eb42d56 -> 
  custom:audio-encoder-webm-vorbis: bf7c407c2cedff20999df2af8eb42d56 -> 
========================================================================
Received Prepare
Begin MonoManager ReloadAssembly
- Loaded All Assemblies, in  2.561 seconds
Refreshing native plugins compatible for Editor in 3.44 ms, found 3 plugins.
Native extension for UWP target not found
Native extension for WindowsStandalone target not found
Native extension for WebGL target not found
[Package Manager] Server::EnsureServerProcessIsRunning -- launch failed, reason: Unity was launched with the -noUpm command-line argument
[Package Manager] UpmClient::Send -- Unable to send message (not connected to UPM process).
[Package Manager] Cannot connect to Unity Package Manager local server
Mono: successfully reloaded assembly
- Finished resetting the current domain, in 10.417 seconds
Domain Reload Profiling: 12978ms
	BeginReloadAssembly (169ms)
		ExecutionOrderSort (0ms)
		DisableScriptedObjects (6ms)
		BackupInstance (0ms)
		ReleaseScriptingObjects (0ms)
		CreateAndSetChildDomain (35ms)
	RebuildCommonClasses (42ms)
	RebuildNativeTypeToScriptingClass (15ms)
	initialDomainReloadingComplete (29ms)
	LoadAllAssembliesAndSetupDomain (2306ms)
		LoadAssemblies (2378ms)
		RebuildTransferFunctionScriptingTraits (0ms)
		AnalyzeDomain (21ms)
			TypeCache.Refresh (8ms)
				TypeCache.ScanAssembly (0ms)
			ScanForSourceGeneratedMonoScriptInfo (0ms)
			ResolveRequiredComponents (11ms)
	FinalizeReload (10417ms)
		ReleaseScriptCaches (0ms)
		RebuildScriptCaches (0ms)
		SetupLoadedEditorAssemblies (484ms)
			LogAssemblyErrors (0ms)
			InitializePlatformSupportModulesInManaged (7ms)
			SetLoadedEditorAssemblies (5ms)
			RefreshPlugins (0ms)
			BeforeProcessingInitializeOnLoad (71ms)
			ProcessInitializeOnLoadAttributes (370ms)
			ProcessInitializeOnLoadMethodAttributes (28ms)
			AfterProcessingInitializeOnLoad (3ms)
			EditorAssembliesLoaded (0ms)
		ExecutionOrderSort2 (0ms)
		AwakeInstancesAfterBackupRestoration (10ms)
Refreshing native plugins compatible for Editor in 2.98 ms, found 3 plugins.
Preloading 0 native plugins for Editor in 0.00 ms.
Unloading 3115 Unused Serialized files (Serialized files now loaded: 0)
Unloading 23 unused Assets / (31.1 KB). Loaded Objects now: 3658.
Memory consumption went from 131.9 MB to 131.9 MB.
Total: 3.311900 ms (FindLiveObjects: 0.300600 ms CreateObjectMapping: 0.114900 ms MarkObjects: 2.838300 ms  DeleteObjects: 0.056300 ms)

Prepare: number of updated asset objects reloaded= 0
AssetImportParameters requested are different than current active one (requested -> active):
  custom:container-demuxer-ogg: 62fdf1f143b41e24485cea50d1cbac27 -> 
  custom:video-codec-MediaFoundation-h265: 746d11721c4dcdbdad8f713fa42b33f4 -> 
  custom:video-decoder-ogg-theora: a1e56fd34408186e4bbccfd4996cb3dc -> 
  custom:framework-win-MediaFoundation: 216162199b28c13a410421893ffa2e32 -> 
  custom:CustomObjectIndexerAttribute: 756ad292c208cfabdd7b50bc23989ffe -> 
  custom:container-demuxer-webm: 4f35f7cbe854078d1ac9338744f61a02 -> 
  custom:container-muxer-webm: aa71ff27fc2769a1b78a27578f13a17b -> 
  custom:video-decoder-webm-vp8: 9c59270c3fd7afecdb556c50c9e8de78 -> 
  custom:SearchIndexIgnoredProperties: e643bd26f0fe6173181afceb89e7c659 -> 
  custom:AudioImporter_EditorPlatform: d09bf68614088b80899f8185d706f6e7 -> 
  custom:video-encoder-webm-vp8: eb34c28f22e8b96e1ab97ce403110664 -> 
  custom:audio-decoder-ogg-vorbis: bf7c407c2cedff20999df2af8eb42d56 -> 
  custom:audio-encoder-webm-vorbis: bf7c407c2cedff20999df2af8eb42d56 -> 
========================================================================
Received Import Request.
  Time since last request: 245.670147 seconds.
  path: Assets/Shooter_Assets/Hands_Weapons/Modelas/Weapons_Details/Silencers/Mesh/Silencers_02_Mesh.FBX
  artifactKey: Guid(48964b1caf0380844b0397e144a3b36f) Importer(815301076,1909f56bfc062723c751e8b465ee728b)
Start importing Assets/Shooter_Assets/Hands_Weapons/Modelas/Weapons_Details/Silencers/Mesh/Silencers_02_Mesh.FBX using Guid(48964b1caf0380844b0397e144a3b36f) Importer(815301076,1909f56bfc062723c751e8b465ee728b)  -> (artifact id: 'b4c2fc698d27e0661afe6a4f23d4c129') in 0.139707 seconds
Number of updated asset objects reloaded before import = 0
Number of asset objects unloaded after import = 8
========================================================================
Received Import Request.
  Time since last request: 4.804757 seconds.
  path: Assets/Shooter_Assets/Hands_Weapons/Modelas/Weapons_Details/Sight/Mesh/Sight_10_Mesh.FBX
  artifactKey: Guid(a4b804469ae8626428dace24c20a9c2b) Importer(815301076,1909f56bfc062723c751e8b465ee728b)
Start importing Assets/Shooter_Assets/Hands_Weapons/Modelas/Weapons_Details/Sight/Mesh/Sight_10_Mesh.FBX using Guid(a4b804469ae8626428dace24c20a9c2b) Importer(815301076,1909f56bfc062723c751e8b465ee728b)  -> (artifact id: 'fa11de89c19be5d4b62eba0fa1cb2d3f') in 0.037746 seconds
Number of updated asset objects reloaded before import = 0
Number of asset objects unloaded after import = 15
========================================================================
Received Import Request.
  Time since last request: 0.290359 seconds.
  path: Assets/Shooter_Assets/Hands_Weapons/Modelas/Hands_Automatic_Rifle02/Animations/Hands_Automatic_Rifle@Idle.FBX
  artifactKey: Guid(e0345bd271aefa844b9d1faaa41e6a22) Importer(815301076,1909f56bfc062723c751e8b465ee728b)
Start importing Assets/Shooter_Assets/Hands_Weapons/Modelas/Hands_Automatic_Rifle02/Animations/Hands_Automatic_Rifle@Idle.FBX using Guid(e0345bd271aefa844b9d1faaa41e6a22) Importer(815301076,1909f56bfc062723c751e8b465ee728b)  -> (artifact id: '72e3c9f0f635b8a518fe9eddad49bc52') in 0.247129 seconds
Number of updated asset objects reloaded before import = 0
Number of asset objects unloaded after import = 172
========================================================================
Received Import Request.
  Time since last request: 0.000026 seconds.
  path: Assets/Shooter_Assets/Hands_Weapons/Modelas/Hands_Automatic_Rifle02/Animations/Hands_Automatic_Rifle@Aim_Shot.FBX
  artifactKey: Guid(99e5cd7dd8bd2fa4bbbadad31c3e4ebf) Importer(815301076,1909f56bfc062723c751e8b465ee728b)
Start importing Assets/Shooter_Assets/Hands_Weapons/Modelas/Hands_Automatic_Rifle02/Animations/Hands_Automatic_Rifle@Aim_Shot.FBX using Guid(99e5cd7dd8bd2fa4bbbadad31c3e4ebf) Importer(815301076,1909f56bfc062723c751e8b465ee728b)  -> (artifact id: '412efd4db8ff8e9f474643085cf14428') in 0.150946 seconds
Number of updated asset objects reloaded before import = 0
Number of asset objects unloaded after import = 172
========================================================================
Received Import Request.
  Time since last request: 0.145100 seconds.
  path: Assets/Shooter_Assets/Hands_Weapons/Modelas/Weapons_Details/Flashlight_Weapon/Mesh/Flaslight_3_Mesh.FBX
  artifactKey: Guid(be6ae4f1f9df0d0408f5508478d1fec5) Importer(815301076,1909f56bfc062723c751e8b465ee728b)
Start importing Assets/Shooter_Assets/Hands_Weapons/Modelas/Weapons_Details/Flashlight_Weapon/Mesh/Flaslight_3_Mesh.FBX using Guid(be6ae4f1f9df0d0408f5508478d1fec5) Importer(815301076,1909f56bfc062723c751e8b465ee728b)  -> (artifact id: '14639f4b274ca60c7b62337f0e20750a') in 0.036170 seconds
Number of updated asset objects reloaded before import = 0
Number of asset objects unloaded after import = 15
========================================================================
Received Import Request.
  Time since last request: 0.032571 seconds.
  path: Assets/Shooter_Assets/Hands_Weapons/Modelas/Hands_Automatic_Rifle02/Animations/Hands_Automatic_Rifle@Hide.FBX
  artifactKey: Guid(ca79eb52c4fcfd347b66524d4f179371) Importer(815301076,1909f56bfc062723c751e8b465ee728b)
Start importing Assets/Shooter_Assets/Hands_Weapons/Modelas/Hands_Automatic_Rifle02/Animations/Hands_Automatic_Rifle@Hide.FBX using Guid(ca79eb52c4fcfd347b66524d4f179371) Importer(815301076,1909f56bfc062723c751e8b465ee728b)  -> (artifact id: '9f5356139ab5ff05dcd85a4641b11c6c') in 0.166048 seconds
Number of updated asset objects reloaded before import = 0
Number of asset objects unloaded after import = 172
========================================================================
Received Import Request.
  Time since last request: 0.000037 seconds.
  path: Assets/Shooter_Assets/Hands_Weapons/Modelas/Hands_Automatic_Rifle02/Animations/Hands_Automatic_Rifle@Aim_Walk.FBX
  artifactKey: Guid(97dd626c7372c0145aa690746c2c62df) Importer(815301076,1909f56bfc062723c751e8b465ee728b)
Start importing Assets/Shooter_Assets/Hands_Weapons/Modelas/Hands_Automatic_Rifle02/Animations/Hands_Automatic_Rifle@Aim_Walk.FBX using Guid(97dd626c7372c0145aa690746c2c62df) Importer(815301076,1909f56bfc062723c751e8b465ee728b)  -> (artifact id: '91f96b81a30f798bd6fb6e0f4747f759') in 0.175041 seconds
Number of updated asset objects reloaded before import = 0
Number of asset objects unloaded after import = 172
========================================================================
Received Import Request.
  Time since last request: 0.000026 seconds.
  path: Assets/Shooter_Assets/Hands_Weapons/Modelas/Weapons_Details/Flashlight_Weapon/Mesh/DetailI_Flashlight.FBX
  artifactKey: Guid(0741a7284953c974c94df6e5f535b9a5) Importer(815301076,1909f56bfc062723c751e8b465ee728b)
Start importing Assets/Shooter_Assets/Hands_Weapons/Modelas/Weapons_Details/Flashlight_Weapon/Mesh/DetailI_Flashlight.FBX using Guid(0741a7284953c974c94df6e5f535b9a5) Importer(815301076,1909f56bfc062723c751e8b465ee728b)  -> (artifact id: 'c0d4c90cbf1a90f1285e0256e38d9955') in 0.022186 seconds
Number of updated asset objects reloaded before import = 0
Number of asset objects unloaded after import = 8
========================================================================
Received Import Request.
  Time since last request: 0.000032 seconds.
  path: Assets/Shooter_Assets/Targets/Models/Prefabs/poligono1.obj
  artifactKey: Guid(0a9b16dc8df773b4c9e942d9d2c9ad0d) Importer(815301076,1909f56bfc062723c751e8b465ee728b)
Start importing Assets/Shooter_Assets/Targets/Models/Prefabs/poligono1.obj using Guid(0a9b16dc8df773b4c9e942d9d2c9ad0d) Importer(815301076,1909f56bfc062723c751e8b465ee728b)  -> (artifact id: '45cf3b2698df35d34c390d76fe0f654b') in 0.026937 seconds
Number of updated asset objects reloaded before import = 0
Number of asset objects unloaded after import = 10
========================================================================
Received Import Request.
  Time since last request: 0.000021 seconds.
  path: Assets/Shooter_Assets/Hands_Weapons/Modelas/Weapons_Details/Flame_Arrester/Mesh/Flame_Arrester_04_Mesh.FBX
  artifactKey: Guid(48141a60bc01e4e48a4a1956a1a26212) Importer(815301076,1909f56bfc062723c751e8b465ee728b)
Start importing Assets/Shooter_Assets/Hands_Weapons/Modelas/Weapons_Details/Flame_Arrester/Mesh/Flame_Arrester_04_Mesh.FBX using Guid(48141a60bc01e4e48a4a1956a1a26212) Importer(815301076,1909f56bfc062723c751e8b465ee728b)  -> (artifact id: 'c04659c4b575b217634c0d392e4f816e') in 0.025025 seconds
Number of updated asset objects reloaded before import = 0
Number of asset objects unloaded after import = 8
========================================================================
Received Import Request.
  Time since last request: 0.000020 seconds.
  path: Assets/Shooter_Assets/Hands_Weapons/Modelas/Weapons_Details/Flame_Arrester/Mesh/Flame_Arrester_03_Mesh.FBX
  artifactKey: Guid(4884cb99beb4f774ab23afa835880088) Importer(815301076,1909f56bfc062723c751e8b465ee728b)
Start importing Assets/Shooter_Assets/Hands_Weapons/Modelas/Weapons_Details/Flame_Arrester/Mesh/Flame_Arrester_03_Mesh.FBX using Guid(4884cb99beb4f774ab23afa835880088) Importer(815301076,1909f56bfc062723c751e8b465ee728b)  -> (artifact id: '9349ef5f0b1f58eb389aa088305204b8') in 0.023442 seconds
Number of updated asset objects reloaded before import = 0
Number of asset objects unloaded after import = 8
========================================================================
Received Import Request.
  Time since last request: 0.000019 seconds.
  path: Assets/Shooter_Assets/Hands_Weapons/Modelas/Weapons_Details/Flame_Arrester/Mesh/Flame_Arrester_06_Mesh.FBX
  artifactKey: Guid(af42ab3d9102e66499f1a22be427a131) Importer(815301076,1909f56bfc062723c751e8b465ee728b)
Start importing Assets/Shooter_Assets/Hands_Weapons/Modelas/Weapons_Details/Flame_Arrester/Mesh/Flame_Arrester_06_Mesh.FBX using Guid(af42ab3d9102e66499f1a22be427a131) Importer(815301076,1909f56bfc062723c751e8b465ee728b)  -> (artifact id: '3d34093525aea3b442c0910e8ef9a5b2') in 0.022514 seconds
Number of updated asset objects reloaded before import = 0
Number of asset objects unloaded after import = 8
========================================================================
Received Import Request.
  Time since last request: 0.000025 seconds.
  path: Assets/Scenes/Easy FPS/Model_Animations_Textures/ironSight_addon/Iron Sight_Low.obj
  artifactKey: Guid(80186bec0c85545af8940e55ba620749) Importer(815301076,1909f56bfc062723c751e8b465ee728b)
Start importing Assets/Scenes/Easy FPS/Model_Animations_Textures/ironSight_addon/Iron Sight_Low.obj using Guid(80186bec0c85545af8940e55ba620749) Importer(815301076,1909f56bfc062723c751e8b465ee728b)  -> (artifact id: '84ced2ded1bca5ea6c882e5b2bde9b89') in 0.068709 seconds
Number of updated asset objects reloaded before import = 0
Number of asset objects unloaded after import = 14
========================================================================
Received Import Request.
  Time since last request: 0.000023 seconds.
  path: Assets/Shooter_Assets/Hands_Weapons/Modelas/Hands_Automatic_Rifle02/Animations/Hands_Automatic_Rifle@Shot.FBX
  artifactKey: Guid(185338d4548b700498b133682d7907e7) Importer(815301076,1909f56bfc062723c751e8b465ee728b)
Start importing Assets/Shooter_Assets/Hands_Weapons/Modelas/Hands_Automatic_Rifle02/Animations/Hands_Automatic_Rifle@Shot.FBX using Guid(185338d4548b700498b133682d7907e7) Importer(815301076,1909f56bfc062723c751e8b465ee728b)  -> (artifact id: '32d1fa909067261736adbc7d336b5988') in 0.142175 seconds
Number of updated asset objects reloaded before import = 0
Number of asset objects unloaded after import = 172
Editor requested this worker to shutdown with reason: Scaling down because of idle timeout
TcpMessagingSession - receive error: operation aborted. errorcode: 995, details: ќпераци€ ввода/вывода была прервана из-за завершени€ потока команд или по запросу приложени€.
AssetImportWorker is now disconnected from the server
Process exiting
Exiting without the bug reporter. Application will terminate with return code 0